<?xml version="1.0" encoding="UTF-8"?>
<!-- Generated by org.testng.reporters.JUnitXMLReporter -->
<testsuite hostname="DESKTOP-TVAQ3R1" name="Default test(failed)" tests="1" failures="0" timestamp="12 Jan 2019 15:40:25 GMT" time="0.063" errors="0">
  <testcase name="@BeforeMethod confBM" time="0.0" classname="generic.sampletest">
    <failure type="java.lang.NullPointerException">
      <![CDATA[java.lang.NullPointerException
	at com.actitime.genericlib.Baseclass.confBM(Baseclass.java:18)
... Removed 26 stack frames]]>
    </failure>
  </testcase> <!-- @BeforeMethod confBM -->
  <testcase name="@AfterMethod confAM" time="0.0" classname="generic.sampletest">
    <skipped/>
  </testcase> <!-- @AfterMethod confAM -->
  <testcase name="create" time="0.016" classname="generic.sampletest">
    <skipped/>
  </testcase> <!-- create -->
</testsuite> <!-- Default test(failed) -->
